<?xml version="1.0" encoding="UTF-8"?>
<!-- Generated by org.testng.reporters.JUnitXMLReporter -->
<testsuite ignored="0" hostname="LAPTOP-UPVD168O" failures="0" tests="5" name="Test" time="77.175" errors="0" timestamp="2026-03-09T23:44:18 IST">
  <testcase classname="TESTCASE.TC__001CreateProductCreatePOReceivePO" name="createProduct" time="8.284"/>
  <testcase classname="TESTCASE.TC__001CreateProductCreatePOReceivePO" name="createEquipment" time="19.311"/>
  <testcase classname="TESTCASE.TC__001CreateProductCreatePOReceivePO" name="createSalesorder" time="7.597"/>
  <testcase classname="TESTCASE.TC__001CreateProductCreatePOReceivePO" name="CreateEquipmentPO" time="10.058"/>
  <testcase classname="TESTCASE.TC__001CreateProductCreatePOReceivePO" name="createEquipmentReceiving" time="23.293"/>
</testsuite> <!-- Test -->
