<?xml version="1.0" encoding="UTF-8"?>
<!-- Generated by org.testng.reporters.JUnitReportReporter -->
<testsuite hostname="LAPTOP-UPVD168O" failures="1" tests="2" name="TESTCASE.CreateProductCreatePOReceivePO" time="8.023" errors="0" timestamp="2025-12-20T22:28:11 IST" skipped="1">
  <testcase classname="TESTCASE.CreateProductCreatePOReceivePO" name="login" time="0.000">
    <skipped/>
  </testcase> <!-- login -->
  <testcase classname="TESTCASE.CreateProductCreatePOReceivePO" name="setup" time="8.023">
    <failure message="expected [Green Team Holdings, LLC. - ENV: demo-gcd - IP: 172.31.67.247 - DIR: production - DB: aurora-prod1.cluster-ckzqgma55mu9.us-east-2.rds.amazonaws.com ] but found [Green Team Holdings, LLC. - ENV: demo-gcd - IP: 172.31.62.178 - DIR: production - DB: aurora-prod1.cluster-ckzqgma55mu9.us-east-2.rds.amazonaws.com]" type="java.lang.AssertionError">
      <![CDATA[java.lang.AssertionError: expected [Green Team Holdings, LLC. - ENV: demo-gcd - IP: 172.31.67.247 - DIR: production - DB: aurora-prod1.cluster-ckzqgma55mu9.us-east-2.rds.amazonaws.com ] but found [Green Team Holdings, LLC. - ENV: demo-gcd - IP: 172.31.62.178 - DIR: production - DB: aurora-prod1.cluster-ckzqgma55mu9.us-east-2.rds.amazonaws.com]
at org.testng.Assert.fail(Assert.java:111)
at org.testng.Assert.failNotEquals(Assert.java:1590)
at org.testng.Assert.assertEqualsImpl(Assert.java:150)
at org.testng.Assert.assertEquals(Assert.java:132)
at org.testng.Assert.assertEquals(Assert.java:656)
at org.testng.Assert.assertEquals(Assert.java:666)
at TESTCASE.Baseclass.setup(Baseclass.java:89)
at java.base/jdk.internal.reflect.NativeMethodAccessorImpl.invoke0(Native Method)
at java.base/jdk.internal.reflect.NativeMethodAccessorImpl.invoke(NativeMethodAccessorImpl.java:77)
at java.base/jdk.internal.reflect.DelegatingMethodAccessorImpl.invoke(DelegatingMethodAccessorImpl.java:43)
at java.base/java.lang.reflect.Method.invoke(Method.java:568)
at org.testng.internal.invokers.MethodInvocationHelper.invokeMethod(MethodInvocationHelper.java:141)
at org.testng.internal.invokers.MethodInvocationHelper.invokeMethodConsideringTimeout(MethodInvocationHelper.java:71)
at org.testng.internal.invokers.ConfigInvoker.invokeConfigurationMethod(ConfigInvoker.java:400)
at org.testng.internal.invokers.ConfigInvoker.invokeConfigurations(ConfigInvoker.java:333)
at org.testng.internal.invokers.TestMethodWorker.invokeBeforeClassMethods(TestMethodWorker.java:188)
at org.testng.internal.invokers.TestMethodWorker.run(TestMethodWorker.java:128)
at java.base/java.util.ArrayList.forEach(ArrayList.java:1511)
at org.testng.TestRunner.privateRun(TestRunner.java:741)
at org.testng.TestRunner.run(TestRunner.java:616)
at org.testng.SuiteRunner.runTest(SuiteRunner.java:421)
at org.testng.SuiteRunner.runSequentially(SuiteRunner.java:413)
at org.testng.SuiteRunner.privateRun(SuiteRunner.java:373)
at org.testng.SuiteRunner.run(SuiteRunner.java:312)
at org.testng.SuiteRunnerWorker.runSuite(SuiteRunnerWorker.java:52)
at org.testng.SuiteRunnerWorker.run(SuiteRunnerWorker.java:95)
at org.testng.TestNG.runSuitesSequentially(TestNG.java:1274)
at org.testng.TestNG.runSuitesLocally(TestNG.java:1208)
at org.testng.TestNG.runSuites(TestNG.java:1112)
at org.testng.TestNG.run(TestNG.java:1079)
at org.testng.remote.AbstractRemoteTestNG.run(AbstractRemoteTestNG.java:115)
at org.testng.remote.RemoteTestNG.initAndRun(RemoteTestNG.java:293)
at org.testng.remote.RemoteTestNG.main(RemoteTestNG.java:91)
]]>
    </failure>
  </testcase> <!-- setup -->
</testsuite> <!-- TESTCASE.CreateProductCreatePOReceivePO -->
